<?xml version="1.0" encoding="UTF-8"?>
<coverage generated="1723113426652" clover="3.2.0">
  <project timestamp="1723113426653" name="All files">
    <metrics statements="9" coveredstatements="7" conditionals="2" coveredconditionals="2" methods="2" coveredmethods="1" elements="13" coveredelements="10" complexity="0" loc="9" ncloc="9" packages="1" files="2" classes="2"/>
    <file name="dummy-service.js" path="E:\Backend Projects\Twitter\src\services\dummy-service.js">
      <metrics statements="6" coveredstatements="6" conditionals="2" coveredconditionals="2" methods="1" coveredmethods="1"/>
      <line num="3" count="1" type="stmt"/>
      <line num="4" count="2" type="stmt"/>
      <line num="5" count="2" type="cond" truecount="2" falsecount="0"/>
      <line num="6" count="1" type="stmt"/>
      <line num="8" count="1" type="stmt"/>
      <line num="11" count="1" type="stmt"/>
    </file>
    <file name="helper-service.js" path="E:\Backend Projects\Twitter\src\services\helper-service.js">
      <metrics statements="3" coveredstatements="1" conditionals="0" coveredconditionals="0" methods="1" coveredmethods="0"/>
      <line num="1" count="1" type="stmt"/>
      <line num="2" count="0" type="stmt"/>
      <line num="3" count="0" type="stmt"/>
    </file>
  </project>
</coverage>
