{"E:\\Backend Projects\\Twitter\\src\\services\\dummy-service.js": {"path":"E:\\Backend Projects\\Twitter\\src\\services\\dummy-service.js","statementMap":{"0":{"start":{"line":3,"column":15},"end":{"line":9,"column":1}},"1":{"start":{"line":4,"column":17},"end":{"line":4,"column":25}},"2":{"start":{"line":5,"column":4},"end":{"line":8,"column":34}},"3":{"start":{"line":6,"column":8},"end":{"line":6,"column":29}},"4":{"start":{"line":8,"column":8},"end":{"line":8,"column":34}},"5":{"start":{"line":11,"column":0},"end":{"line":13,"column":1}}},"fnMap":{"0":{"name":"(anonymous_0)","decl":{"start":{"line":3,"column":15},"end":{"line":3,"column":16}},"loc":{"start":{"line":3,"column":21},"end":{"line":9,"column":1}},"line":3}},"branchMap":{"0":{"loc":{"start":{"line":5,"column":4},"end":{"line":8,"column":34}},"type":"if","locations":[{"start":{"line":5,"column":4},"end":{"line":8,"column":34}},{"start":{"line":8,"column":8},"end":{"line":8,"column":34}}],"line":5}},"s":{"0":1,"1":2,"2":2,"3":1,"4":1,"5":1},"f":{"0":2},"b":{"0":[1,1]},"_coverageSchema":"1a1c01bbd47fc00a2c39e90264f33305004495a9","hash":"30adf014ea42b637e04f65cddc575493fcf890b1"}
,"E:\\Backend Projects\\Twitter\\src\\services\\helper-service.js": {"path":"E:\\Backend Projects\\Twitter\\src\\services\\helper-service.js","statementMap":{"0":{"start":{"line":1,"column":22},"end":{"line":4,"column":1}},"1":{"start":{"line":2,"column":15},"end":{"line":2,"column":43}},"2":{"start":{"line":3,"column":4},"end":{"line":3,"column":20}}},"fnMap":{"0":{"name":"(anonymous_0)","decl":{"start":{"line":1,"column":22},"end":{"line":1,"column":23}},"loc":{"start":{"line":1,"column":28},"end":{"line":4,"column":1}},"line":1}},"branchMap":{},"s":{"0":1,"1":0,"2":0},"f":{"0":0},"b":{},"_coverageSchema":"1a1c01bbd47fc00a2c39e90264f33305004495a9","hash":"5bfbab215130a2f1a7d36b7b1e911e2835072797"}
}
